Removed Pin From Net: NetName=RSTCD Pin=P2-3
Removed Pin From Net: NetName=GND Pin=P2-4
Removed Pin From Net: NetName=PWMC Pin=P2-5
Removed Pin From Net: NetName=5V Pin=P2-6
Removed Pin From Net: NetName=GND Pin=P2-7
Removed Pin From Net: NetName=M1 Pin=P2-8
Removed Pin From Net: NetName=RSTAB Pin=P2-9
Removed Pin From Net: NetName=M2 Pin=P2-10
Removed Pin From Net: NetName=PWMA Pin=P2-11
Removed Pin From Net: NetName=M3 Pin=P2-12
Added Pin To Net: NetName=GND Pin=P2-3
Added Pin To Net: NetName=RSTCD Pin=P2-4
Added Pin To Net: NetName=5V Pin=P2-5
Added Pin To Net: NetName=PWMC Pin=P2-6
Added Pin To Net: NetName=M1 Pin=P2-7
Added Pin To Net: NetName=GND Pin=P2-8
Added Pin To Net: NetName=M2 Pin=P2-9
Added Pin To Net: NetName=RSTAB Pin=P2-10
Added Pin To Net: NetName=M3 Pin=P2-11
Added Pin To Net: NetName=PWMA Pin=P2-12
Change Net Name : Old Net Name=FAULT New Net Name=OTW
Change Net Name : Old Net Name=OTW New Net Name=FAULT
Added Room: Name=main
