Add component (AddParameter): Name = "LatestRevisionDate"; Value = "17-Jul-2002"; VariantName = "[No Variations]"
Add component (AddParameter): Name = "LatestRevisionNote"; Value = "Re-released for DXP Platform."; VariantName = "[No Variations]"
Add component (AddParameter): Name = "PackageReference"; Value = "DIP-4"; VariantName = "[No Variations]"
Add component (AddParameter): Name = "Published"; Value = "24-Mar-1999"; VariantName = "[No Variations]"
Add component (AddParameter): Name = "Publisher"; Value = "Altium Limited"; VariantName = "[No Variations]"
Added Component: Designator=S?(DIPSWITCH2)
Add component. Clean all parameters for all variants
Add component (AddParameter): Name = "LatestRevisionDate"; Value = "17-Jul-2002"; VariantName = "[No Variations]"
Add component (AddParameter): Name = "LatestRevisionNote"; Value = "Re-released for DXP Platform."; VariantName = "[No Variations]"
Add component (AddParameter): Name = "PackageReference"; Value = "DIP-4"; VariantName = "[No Variations]"
Add component (AddParameter): Name = "Published"; Value = "24-Mar-1999"; VariantName = "[No Variations]"
Add component (AddParameter): Name = "Publisher"; Value = "Altium Limited"; VariantName = "[No Variations]"
Added Component: Designator=U?(SD_Card_Reader)
Add component. Clean all parameters for all variants
Added Pin To Net: NetName=ESPSCK Pin=U?-1
Added Pin To Net: NetName=ESPMISO Pin=U?-2
Added Pin To Net: NetName=ESPMOSI Pin=U?-3
Added Pin To Net: NetName=3V3 Pin=U?-4
Added Pin To Net: NetName=GND Pin=U?-5
Added Pin To Net: NetName=ESPSDCS Pin=S?-1
Added Pin To Net: NetName=ESPSDCS Pin=U3-14
Added Net: Name=ESPSDCS
Added Pin To Net: NetName=SDCS Pin=S?-3
Added Pin To Net: NetName=SDCS Pin=S?-4
Added Pin To Net: NetName=SDCS Pin=U?-0
Added Net: Name=SDCS
Added Pin To Net: NetName=TIVASDCS Pin=S?-2
Added Pin To Net: NetName=TIVASDCS Pin=U2-37
Added Net: Name=TIVASDCS
Added Member To Class: ClassName=Sheet1 Member=Component S? SW DIP-2
Added Member To Class: ClassName=Sheet1 Member=Component U? SD_Card_Reader
Added Room: Name=Sheet1
