Removed Pin From Net: NetName=5V Pin=P?-1
Removed Pin From Net: NetName=5V Pin=P?-2
Removed Pin From Net: NetName=GND Pin=P?-3
Removed Pin From Net: NetName=GND Pin=P?-4
Change Component Footprint: Designator=P? Old Footprint=JP2X2 New Footprint=JP3x2
Change Component Comment : Designator=P? Old Comment=Header 2X2 New Comment=Header 3X2
Added Component: Designator=D?(D1A)
Add component. Clean all parameters for all variants
Add component (AddParameter): Name = "Copyright by"; Value = "VanDungEvn@gmail.com"; VariantName = "[No Variations]"
Added Component: Designator=IC?(DIP20/W0.3)
Add component. Clean all parameters for all variants
Add component (AddParameter): Name = "Copyright by"; Value = "VanDungEvn@gmail.com"; VariantName = "[No Variations]"
Added Pin To Net: NetName=5V Pin=D?-1
Added Pin To Net: NetName=GND Pin=IC?-10
Added Pin To Net: NetName=PWMA Pin=IC?-13
Added Pin To Net: NetName=RSTAB Pin=IC?-14
Added Pin To Net: NetName=PWMB Pin=IC?-15
Added Pin To Net: NetName=PWMC Pin=IC?-16
Added Pin To Net: NetName=RSTCD Pin=IC?-17
Added Pin To Net: NetName=PWMD Pin=IC?-18
Added Pin To Net: NetName=GND Pin=P?-4
Added Pin To Net: NetName=GND Pin=P?-5
Added Pin To Net: NetName=GND Pin=P?-6
Change Net Name : Old Net Name=5V New Net Name=5VS
Added Pin To Net: NetName=3V3 Pin=B?-9
Added Pin To Net: NetName=3V3 Pin=IC?-1
Added Pin To Net: NetName=3V3 Pin=U?-0
Added Pin To Net: NetName=3V3 Pin=U?-0
Added Net: Name=3V3
Added Pin To Net: NetName=5V Pin=D?-2
Added Pin To Net: NetName=5V Pin=P?-1
Added Pin To Net: NetName=5V Pin=P?-2
Added Pin To Net: NetName=5V Pin=P?-3
Added Net: Name=5V
Added Pin To Net: NetName=NetLabel37 Pin=IC?-2
Added Net: Name=NetLabel37
Added Pin To Net: NetName=NetLabel38 Pin=IC?-3
Added Net: Name=NetLabel38
Added Pin To Net: NetName=NetLabel39 Pin=IC?-4
Added Net: Name=NetLabel39
Added Pin To Net: NetName=NetLabel40 Pin=IC?-5
Added Net: Name=NetLabel40
Added Pin To Net: NetName=NetLabel41 Pin=IC?-6
Added Net: Name=NetLabel41
Added Pin To Net: NetName=NetLabel42 Pin=IC?-7
Added Net: Name=NetLabel42
Added Pin To Net: NetName=VCC Pin=IC?-20
Added Net: Name=VCC
Added Member To Class: ClassName=Sheet1 Member=Component C? Cap Non-Pol
Added Member To Class: ClassName=Sheet1 Member=Component C? Cap Pol
Added Member To Class: ClassName=Sheet1 Member=Component D? Diode
Added Member To Class: ClassName=Sheet1 Member=Component IC? 74245
Added Member To Class: ClassName=Sheet1 Member=Component P? Header 7X2
Added Member To Class: ClassName=Sheet1 Member=Component U? CC2500
Added Room: Name=Sheet1
