Removed Pin From Net: NetName=RSTCDOUT Pin=IC?-36
Removed Pin From Net: NetName=RSTABOUT Pin=IC?-37
Removed Pin From Net: NetName=GND Pin=U?-0
Removed Pin From Net: NetName=3V3 Pin=U?-1
Change Component Designator: OldDesignator=B? NewDesignator=B1
Change Component Designator: OldDesignator=B? NewDesignator=B2
Change Component Designator: OldDesignator=C? NewDesignator=C1
Change Component Designator: OldDesignator=C? NewDesignator=C2
Change Component Designator: OldDesignator=C? NewDesignator=C3
Change Component Designator: OldDesignator=C? NewDesignator=C4
Change Component Designator: OldDesignator=D? NewDesignator=D1
Change Component Designator: OldDesignator=D? NewDesignator=D2
Change Component Designator: OldDesignator=IC? NewDesignator=IC1
Change Component Designator: OldDesignator=IC? NewDesignator=IC2
Change Component Designator: OldDesignator=P? NewDesignator=P1
Change Component Designator: OldDesignator=P? NewDesignator=P2
Change Component Designator: OldDesignator=P? NewDesignator=P3
Change Component Designator: OldDesignator=P? NewDesignator=P4
Change Component Designator: OldDesignator=Q? NewDesignator=Q1
Change Component Designator: OldDesignator=R? NewDesignator=R1
Change Component Designator: OldDesignator=R? NewDesignator=R2
Change Component Designator: OldDesignator=R? NewDesignator=R3
Change Component Designator: OldDesignator=R? NewDesignator=R4
Change Component Designator: OldDesignator=R? NewDesignator=R5
Change Component Designator: OldDesignator=R? NewDesignator=R6
Change Component Designator: OldDesignator=R? NewDesignator=R7
Change Component Designator: OldDesignator=R? NewDesignator=R8
Change Component Designator: OldDesignator=S? NewDesignator=S1
Change Component Designator: OldDesignator=U? NewDesignator=U1
Added Component: Designator=U2(ESP-07S)
Add component. Clean all parameters for all variants
Added Pin To Net: NetName=RSTABOUT Pin=IC2-25
Added Pin To Net: NetName=RSTCDOUT Pin=IC2-26
Added Pin To Net: NetName=ECD2IN Pin=IC2-32
Added Pin To Net: NetName=ECD0IN Pin=IC2-33
Added Pin To Net: NetName=ECD3IN Pin=IC2-35
Added Pin To Net: NetName=ECD1IN Pin=IC2-36
Added Pin To Net: NetName=GND Pin=U2-0
Added Pin To Net: NetName=3V3 Pin=U2-1
Change Net Name : Old Net Name=NetB?_5 New Net Name=NetB1_5
Change Net Name : Old Net Name=NetD?_1 New Net Name=NetD2_1
Change Net Name : Old Net Name=NetD?_2 New Net Name=NetD2_2
Change Net Name : Old Net Name=NetQ?_3 New Net Name=NetQ1_3
Added Pin To Net: NetName=CCGCSN Pin=U2-7
Added Net: Name=CCGCSN
Added Pin To Net: NetName=CCGDO0 Pin=IC2-27
Added Pin To Net: NetName=CCGDO0 Pin=U2-6
Added Net: Name=CCGDO0
Added Pin To Net: NetName=CCGDO2 Pin=IC2-28
Added Pin To Net: NetName=CCGDO2 Pin=U2-5
Added Net: Name=CCGDO2
Added Pin To Net: NetName=CCSCLK Pin=IC2-11
Added Pin To Net: NetName=CCSCLK Pin=U2-3
Added Net: Name=CCSCLK
Added Pin To Net: NetName=CCSI Pin=IC2-8
Added Pin To Net: NetName=CCSI Pin=IC2-12
Added Pin To Net: NetName=CCSI Pin=U2-2
Added Net: Name=CCSI
Added Pin To Net: NetName=CCSO Pin=IC2-13
Added Pin To Net: NetName=CCSO Pin=U2-4
Added Net: Name=CCSO
Added Member To Class: ClassName=Sheet1 Member=Component B2 SN74HC14N
Added Member To Class: ClassName=Sheet1 Member=Component C1 Cap Non-Pol
Added Member To Class: ClassName=Sheet1 Member=Component C2 Cap Pol
Added Member To Class: ClassName=Sheet1 Member=Component C3 Cap Pol
Added Member To Class: ClassName=Sheet1 Member=Component D2 LED
Added Member To Class: ClassName=Sheet1 Member=Component IC1 74245
Added Member To Class: ClassName=Sheet1 Member=Component P1 Header 3X2
Added Member To Class: ClassName=Sheet1 Member=Component P2 Header 7X2
Added Member To Class: ClassName=Sheet1 Member=Component P3 Header 2X2
Added Member To Class: ClassName=Sheet1 Member=Component R2 RESISTOR SMD
Added Member To Class: ClassName=Sheet1 Member=Component R3 RESISTOR
Added Member To Class: ClassName=Sheet1 Member=Component R4 RESISTOR
Added Member To Class: ClassName=Sheet1 Member=Component R5 RESISTOR
Added Member To Class: ClassName=Sheet1 Member=Component R6 RESISTOR
Added Member To Class: ClassName=Sheet1 Member=Component R7 RESISTOR
Added Member To Class: ClassName=Sheet1 Member=Component R8 RESISTOR
Added Member To Class: ClassName=Sheet1 Member=Component U2 CC2500
Added Room: Name=Sheet1
