Removed Pin From Net: NetName=ESPRX Pin=IC2-3
Removed Pin From Net: NetName=ESPTX Pin=IC2-4
Change component parameters (AddParameter): Name = "Copyright by"; Value = "VanDungEvn@gmail.com"; VariantName = "[No Variations]"
Change component parameters. Clean all parameters for all variants
Change component parameters (AddParameter): Name = "Copyright by"; Value = "VanDungEvn@gmail.com"; VariantName = "[No Variations]"
Change component parameters (AddParameter): Name = "Value"; Value = "100nF"; VariantName = "[No Variations]"
Change component parameters. Clean all parameters for all variants
Change component parameters (AddParameter): Name = "Value"; Value = "100nF"; VariantName = "[No Variations]"
Change component parameters (AddParameter): Name = "Value"; Value = "470uF"; VariantName = "[No Variations]"
Change component parameters. Clean all parameters for all variants
Change component parameters (AddParameter): Name = "Value"; Value = "470uF"; VariantName = "[No Variations]"
Change component parameters (AddParameter): Name = "Value"; Value = "10uF"; VariantName = "[No Variations]"
Change component parameters. Clean all parameters for all variants
Change component parameters (AddParameter): Name = "Value"; Value = "10uF"; VariantName = "[No Variations]"
Change component parameters (AddParameter): Name = "Value"; Value = "104pF"; VariantName = "[No Variations]"
Change component parameters. Clean all parameters for all variants
Change component parameters (AddParameter): Name = "Value"; Value = "104pF"; VariantName = "[No Variations]"
Change component parameters (AddParameter): Name = "Value"; Value = "1K"; VariantName = "[No Variations]"
Change component parameters. Clean all parameters for all variants
Change component parameters (AddParameter): Name = "Value"; Value = "1K"; VariantName = "[No Variations]"
Change component parameters (AddParameter): Name = "Value"; Value = "1K"; VariantName = "[No Variations]"
Change component parameters. Clean all parameters for all variants
Change component parameters (AddParameter): Name = "Value"; Value = "1K"; VariantName = "[No Variations]"
Change component parameters (AddParameter): Name = "Value"; Value = "10K"; VariantName = "[No Variations]"
Change component parameters. Clean all parameters for all variants
Change component parameters (AddParameter): Name = "Value"; Value = "10K"; VariantName = "[No Variations]"
Change component parameters (AddParameter): Name = "Value"; Value = "10K"; VariantName = "[No Variations]"
Change component parameters. Clean all parameters for all variants
Change component parameters (AddParameter): Name = "Value"; Value = "10K"; VariantName = "[No Variations]"
Change component parameters (AddParameter): Name = "Value"; Value = "10K"; VariantName = "[No Variations]"
Change component parameters. Clean all parameters for all variants
Change component parameters (AddParameter): Name = "Value"; Value = "10K"; VariantName = "[No Variations]"
Change component parameters (AddParameter): Name = "Value"; Value = "10K"; VariantName = "[No Variations]"
Change component parameters. Clean all parameters for all variants
Change component parameters (AddParameter): Name = "Value"; Value = "10K"; VariantName = "[No Variations]"
Change component parameters (AddParameter): Name = "Value"; Value = "100"; VariantName = "[No Variations]"
Change component parameters. Clean all parameters for all variants
Change component parameters (AddParameter): Name = "Value"; Value = "100"; VariantName = "[No Variations]"
Change component parameters (AddParameter): Name = "Value"; Value = "10k"; VariantName = "[No Variations]"
Change component parameters. Clean all parameters for all variants
Change component parameters (AddParameter): Name = "Value"; Value = "10k"; VariantName = "[No Variations]"
Change component parameters (AddParameter): Name = "LatestRevisionDate"; Value = "17-Jul-2002"; VariantName = "[No Variations]"
Change component parameters (AddParameter): Name = "LatestRevisionNote"; Value = "Re-released for DXP Platform."; VariantName = "[No Variations]"
Change component parameters (AddParameter): Name = "Publisher"; Value = "Altium Limited"; VariantName = "[No Variations]"
Change component parameters. Clean all parameters for all variants
Change component parameters (AddParameter): Name = "LatestRevisionDate"; Value = "17-Jul-2002"; VariantName = "[No Variations]"
Change component parameters (AddParameter): Name = "LatestRevisionNote"; Value = "Re-released for DXP Platform."; VariantName = "[No Variations]"
Change component parameters (AddParameter): Name = "Publisher"; Value = "Altium Limited"; VariantName = "[No Variations]"
Change component parameters (AddParameter): Name = "LatestRevisionDate"; Value = "17-Jul-2002"; VariantName = "[No Variations]"
Change component parameters (AddParameter): Name = "LatestRevisionNote"; Value = "Re-released for DXP Platform."; VariantName = "[No Variations]"
Change component parameters (AddParameter): Name = "Publisher"; Value = "Altium Limited"; VariantName = "[No Variations]"
Change component parameters. Clean all parameters for all variants
Change component parameters (AddParameter): Name = "LatestRevisionDate"; Value = "17-Jul-2002"; VariantName = "[No Variations]"
Change component parameters (AddParameter): Name = "LatestRevisionNote"; Value = "Re-released for DXP Platform."; VariantName = "[No Variations]"
Change component parameters (AddParameter): Name = "Publisher"; Value = "Altium Limited"; VariantName = "[No Variations]"
Change component parameters (AddParameter): Name = "LatestRevisionDate"; Value = "17-Jul-2002"; VariantName = "[No Variations]"
Change component parameters (AddParameter): Name = "LatestRevisionNote"; Value = "Re-released for DXP Platform."; VariantName = "[No Variations]"
Change component parameters (AddParameter): Name = "Publisher"; Value = "Altium Limited"; VariantName = "[No Variations]"
Change component parameters. Clean all parameters for all variants
Change component parameters (AddParameter): Name = "LatestRevisionDate"; Value = "17-Jul-2002"; VariantName = "[No Variations]"
Change component parameters (AddParameter): Name = "LatestRevisionNote"; Value = "Re-released for DXP Platform."; VariantName = "[No Variations]"
Change component parameters (AddParameter): Name = "Publisher"; Value = "Altium Limited"; VariantName = "[No Variations]"
Change component parameters (AddParameter): Name = "LatestRevisionDate"; Value = "17-Jul-2002"; VariantName = "[No Variations]"
Change component parameters (AddParameter): Name = "LatestRevisionNote"; Value = "Re-released for DXP Platform."; VariantName = "[No Variations]"
Change component parameters (AddParameter): Name = "Publisher"; Value = "Altium Limited"; VariantName = "[No Variations]"
Change component parameters. Clean all parameters for all variants
Change component parameters (AddParameter): Name = "LatestRevisionDate"; Value = "17-Jul-2002"; VariantName = "[No Variations]"
Change component parameters (AddParameter): Name = "LatestRevisionNote"; Value = "Re-released for DXP Platform."; VariantName = "[No Variations]"
Change component parameters (AddParameter): Name = "Publisher"; Value = "Altium Limited"; VariantName = "[No Variations]"
Change component parameters (AddParameter): Name = "Availability"; Value = "Good"; VariantName = "[No Variations]"
Change component parameters (AddParameter): Name = "MF"; Value = "Texas Instruments"; VariantName = "[No Variations]"
Change component parameters (AddParameter): Name = "MP"; Value = "EK-TM4C123GXL"; VariantName = "[No Variations]"
Change component parameters (AddParameter): Name = "Package"; Value = "None"; VariantName = "[No Variations]"
Change component parameters (AddParameter): Name = "Price"; Value = "20.14 USD"; VariantName = "[No Variations]"
Change component parameters (AddParameter): Name = "Value"; Value = ""; VariantName = "[No Variations]"
Change component parameters. Clean all parameters for all variants
Change component parameters (AddParameter): Name = "Availability"; Value = "Good"; VariantName = "[No Variations]"
Change component parameters (AddParameter): Name = "MF"; Value = "Texas Instruments"; VariantName = "[No Variations]"
Change component parameters (AddParameter): Name = "MP"; Value = "EK-TM4C123GXL"; VariantName = "[No Variations]"
Change component parameters (AddParameter): Name = "Package"; Value = "None"; VariantName = "[No Variations]"
Change component parameters (AddParameter): Name = "Price"; Value = "20.14 USD"; VariantName = "[No Variations]"
Change component parameters (AddParameter): Name = "Value"; Value = ""; VariantName = "[No Variations]"
Change component parameters (AddParameter): Name = "3D Package"; Value = ""; VariantName = "[No Variations]"
Change component parameters (AddParameter): Name = "Allied_Number"; Value = ""; VariantName = "[No Variations]"
Change component parameters (AddParameter): Name = "Datasheet Link"; Value = "https://www.wemos.cc/product/d1-mini.html"; VariantName = "[No Variations]"
Change component parameters (AddParameter): Name = "Geometry.Height"; Value = "mm"; VariantName = "[No Variations]"
Change component parameters (AddParameter): Name = "Manufacturer_Name"; Value = "Wemos"; VariantName = "[No Variations]"
Change component parameters (AddParameter): Name = "Manufacturer_Part_Number"; Value = "D1 Mini"; VariantName = "[No Variations]"
Change component parameters (AddParameter): Name = "Other Part Number"; Value = ""; VariantName = "[No Variations]"
Change component parameters (AddParameter): Name = "RS Part Number"; Value = ""; VariantName = "[No Variations]"
Change component parameters (AddParameter): Name = "Supplier_Name"; Value = "RS"; VariantName = "[No Variations]"
Change component parameters. Clean all parameters for all variants
Change component parameters (AddParameter): Name = "3D Package"; Value = ""; VariantName = "[No Variations]"
Change component parameters (AddParameter): Name = "Allied_Number"; Value = ""; VariantName = "[No Variations]"
Change component parameters (AddParameter): Name = "Datasheet Link"; Value = "https://www.wemos.cc/product/d1-mini.html"; VariantName = "[No Variations]"
Change component parameters (AddParameter): Name = "Geometry.Height"; Value = "mm"; VariantName = "[No Variations]"
Change component parameters (AddParameter): Name = "Manufacturer_Name"; Value = "Wemos"; VariantName = "[No Variations]"
Change component parameters (AddParameter): Name = "Manufacturer_Part_Number"; Value = "D1 Mini"; VariantName = "[No Variations]"
Change component parameters (AddParameter): Name = "Other Part Number"; Value = ""; VariantName = "[No Variations]"
Change component parameters (AddParameter): Name = "RS Part Number"; Value = ""; VariantName = "[No Variations]"
Change component parameters (AddParameter): Name = "Supplier_Name"; Value = "RS"; VariantName = "[No Variations]"
Change component parameters (AddParameter): Name = "3D Package"; Value = ""; VariantName = "[No Variations]"
Change component parameters (AddParameter): Name = "Allied_Number"; Value = ""; VariantName = "[No Variations]"
Change component parameters (AddParameter): Name = "Datasheet Link"; Value = "http://componentsearchengine.com/Datasheets/3/SN74HC14N.pdf"; VariantName = "[No Variations]"
Change component parameters (AddParameter): Name = "Geometry.Height"; Value = "mm"; VariantName = "[No Variations]"
Change component parameters (AddParameter): Name = "Manufacturer_Name"; Value = "Texas Instruments"; VariantName = "[No Variations]"
Change component parameters (AddParameter): Name = "Manufacturer_Part_Number"; Value = "SN74HC14N"; VariantName = "[No Variations]"
Change component parameters (AddParameter): Name = "Other Part Number"; Value = ""; VariantName = "[No Variations]"
Change component parameters (AddParameter): Name = "RS Part Number"; Value = "0442943"; VariantName = "[No Variations]"
Change component parameters (AddParameter): Name = "Supplier_Name"; Value = "RS"; VariantName = "[No Variations]"
Change component parameters. Clean all parameters for all variants
Change component parameters (AddParameter): Name = "3D Package"; Value = ""; VariantName = "[No Variations]"
Change component parameters (AddParameter): Name = "Allied_Number"; Value = ""; VariantName = "[No Variations]"
Change component parameters (AddParameter): Name = "Datasheet Link"; Value = "http://componentsearchengine.com/Datasheets/3/SN74HC14N.pdf"; VariantName = "[No Variations]"
Change component parameters (AddParameter): Name = "Geometry.Height"; Value = "mm"; VariantName = "[No Variations]"
Change component parameters (AddParameter): Name = "Manufacturer_Name"; Value = "Texas Instruments"; VariantName = "[No Variations]"
Change component parameters (AddParameter): Name = "Manufacturer_Part_Number"; Value = "SN74HC14N"; VariantName = "[No Variations]"
Change component parameters (AddParameter): Name = "Other Part Number"; Value = ""; VariantName = "[No Variations]"
Change component parameters (AddParameter): Name = "RS Part Number"; Value = "0442943"; VariantName = "[No Variations]"
Change component parameters (AddParameter): Name = "Supplier_Name"; Value = "RS"; VariantName = "[No Variations]"
Change component parameters (AddParameter): Name = "3D Package"; Value = ""; VariantName = "[No Variations]"
Change component parameters (AddParameter): Name = "Allied_Number"; Value = "70153918"; VariantName = "[No Variations]"
Change component parameters (AddParameter): Name = "Datasheet Link"; Value = "http://docs-europe.electrocomponents.com/webdocs/069c/0900766b8069ccf4.pdf"; VariantName = "[No Variations]"
Change component parameters (AddParameter): Name = "Geometry.Height"; Value = "11.55mm"; VariantName = "[No Variations]"
Change component parameters (AddParameter): Name = "Manufacturer_Name"; Value = "Bourns"; VariantName = "[No Variations]"
Change component parameters (AddParameter): Name = "Manufacturer_Part_Number"; Value = "3296W-1-103LF"; VariantName = "[No Variations]"
Change component parameters (AddParameter): Name = "Other Part Number"; Value = ""; VariantName = "[No Variations]"
Change component parameters (AddParameter): Name = "RS Part Number"; Value = "5219647P"; VariantName = "[No Variations]"
Change component parameters (AddParameter): Name = "Supplier_Name"; Value = "RS"; VariantName = "[No Variations]"
Change component parameters. Clean all parameters for all variants
Change component parameters (AddParameter): Name = "3D Package"; Value = ""; VariantName = "[No Variations]"
Change component parameters (AddParameter): Name = "Allied_Number"; Value = "70153918"; VariantName = "[No Variations]"
Change component parameters (AddParameter): Name = "Datasheet Link"; Value = "http://docs-europe.electrocomponents.com/webdocs/069c/0900766b8069ccf4.pdf"; VariantName = "[No Variations]"
Change component parameters (AddParameter): Name = "Geometry.Height"; Value = "11.55mm"; VariantName = "[No Variations]"
Change component parameters (AddParameter): Name = "Manufacturer_Name"; Value = "Bourns"; VariantName = "[No Variations]"
Change component parameters (AddParameter): Name = "Manufacturer_Part_Number"; Value = "3296W-1-103LF"; VariantName = "[No Variations]"
Change component parameters (AddParameter): Name = "Other Part Number"; Value = ""; VariantName = "[No Variations]"
Change component parameters (AddParameter): Name = "RS Part Number"; Value = "5219647P"; VariantName = "[No Variations]"
Change component parameters (AddParameter): Name = "Supplier_Name"; Value = "RS"; VariantName = "[No Variations]"
Change component parameters (AddParameter): Name = "3D Package"; Value = ""; VariantName = "[No Variations]"
Change component parameters (AddParameter): Name = "Allied_Number"; Value = "70153918"; VariantName = "[No Variations]"
Change component parameters (AddParameter): Name = "Datasheet Link"; Value = "http://docs-europe.electrocomponents.com/webdocs/069c/0900766b8069ccf4.pdf"; VariantName = "[No Variations]"
Change component parameters (AddParameter): Name = "Geometry.Height"; Value = "11.55mm"; VariantName = "[No Variations]"
Change component parameters (AddParameter): Name = "Manufacturer_Name"; Value = "Bourns"; VariantName = "[No Variations]"
Change component parameters (AddParameter): Name = "Manufacturer_Part_Number"; Value = "3296W-1-103LF"; VariantName = "[No Variations]"
Change component parameters (AddParameter): Name = "Other Part Number"; Value = ""; VariantName = "[No Variations]"
Change component parameters (AddParameter): Name = "RS Part Number"; Value = "5219647P"; VariantName = "[No Variations]"
Change component parameters (AddParameter): Name = "Supplier_Name"; Value = "RS"; VariantName = "[No Variations]"
Change component parameters. Clean all parameters for all variants
Change component parameters (AddParameter): Name = "3D Package"; Value = ""; VariantName = "[No Variations]"
Change component parameters (AddParameter): Name = "Allied_Number"; Value = "70153918"; VariantName = "[No Variations]"
Change component parameters (AddParameter): Name = "Datasheet Link"; Value = "http://docs-europe.electrocomponents.com/webdocs/069c/0900766b8069ccf4.pdf"; VariantName = "[No Variations]"
Change component parameters (AddParameter): Name = "Geometry.Height"; Value = "11.55mm"; VariantName = "[No Variations]"
Change component parameters (AddParameter): Name = "Manufacturer_Name"; Value = "Bourns"; VariantName = "[No Variations]"
Change component parameters (AddParameter): Name = "Manufacturer_Part_Number"; Value = "3296W-1-103LF"; VariantName = "[No Variations]"
Change component parameters (AddParameter): Name = "Other Part Number"; Value = ""; VariantName = "[No Variations]"
Change component parameters (AddParameter): Name = "RS Part Number"; Value = "5219647P"; VariantName = "[No Variations]"
Change component parameters (AddParameter): Name = "Supplier_Name"; Value = "RS"; VariantName = "[No Variations]"
Change component parameters (AddParameter): Name = "3D Package"; Value = ""; VariantName = "[No Variations]"
Change component parameters (AddParameter): Name = "Allied_Number"; Value = "70153918"; VariantName = "[No Variations]"
Change component parameters (AddParameter): Name = "Datasheet Link"; Value = "http://docs-europe.electrocomponents.com/webdocs/069c/0900766b8069ccf4.pdf"; VariantName = "[No Variations]"
Change component parameters (AddParameter): Name = "Geometry.Height"; Value = "11.55mm"; VariantName = "[No Variations]"
Change component parameters (AddParameter): Name = "Manufacturer_Name"; Value = "Bourns"; VariantName = "[No Variations]"
Change component parameters (AddParameter): Name = "Manufacturer_Part_Number"; Value = "3296W-1-103LF"; VariantName = "[No Variations]"
Change component parameters (AddParameter): Name = "Other Part Number"; Value = ""; VariantName = "[No Variations]"
Change component parameters (AddParameter): Name = "RS Part Number"; Value = "5219647P"; VariantName = "[No Variations]"
Change component parameters (AddParameter): Name = "Supplier_Name"; Value = "RS"; VariantName = "[No Variations]"
Change component parameters. Clean all parameters for all variants
Change component parameters (AddParameter): Name = "3D Package"; Value = ""; VariantName = "[No Variations]"
Change component parameters (AddParameter): Name = "Allied_Number"; Value = "70153918"; VariantName = "[No Variations]"
Change component parameters (AddParameter): Name = "Datasheet Link"; Value = "http://docs-europe.electrocomponents.com/webdocs/069c/0900766b8069ccf4.pdf"; VariantName = "[No Variations]"
Change component parameters (AddParameter): Name = "Geometry.Height"; Value = "11.55mm"; VariantName = "[No Variations]"
Change component parameters (AddParameter): Name = "Manufacturer_Name"; Value = "Bourns"; VariantName = "[No Variations]"
Change component parameters (AddParameter): Name = "Manufacturer_Part_Number"; Value = "3296W-1-103LF"; VariantName = "[No Variations]"
Change component parameters (AddParameter): Name = "Other Part Number"; Value = ""; VariantName = "[No Variations]"
Change component parameters (AddParameter): Name = "RS Part Number"; Value = "5219647P"; VariantName = "[No Variations]"
Change component parameters (AddParameter): Name = "Supplier_Name"; Value = "RS"; VariantName = "[No Variations]"
Added Pin To Net: NetName=ESPTX Pin=IC2-3
Added Pin To Net: NetName=ESPRX Pin=IC2-4
Added Room: Name=Sheet1
