Removed Pin From Net: NetName=3V3 Pin=IC2-1
Removed Pin From Net: NetName=ESPSS Pin=IC2-2
Removed Pin From Net: NetName=ESPTX Pin=IC2-3
Removed Pin From Net: NetName=ESPRX Pin=IC2-4
Removed Pin From Net: NetName=ESPSCL Pin=IC2-5
Removed Pin From Net: NetName=ESPSDA Pin=IC2-6
Removed Pin From Net: NetName=ESPSCK Pin=IC2-7
Removed Pin From Net: NetName=CCSI Pin=IC2-8
Removed Pin From Net: NetName=GY521SCL Pin=IC2-9
Removed Pin From Net: NetName=GY521SDA Pin=IC2-10
Removed Pin From Net: NetName=CCSCLK Pin=IC2-11
Removed Pin From Net: NetName=CCCSN Pin=IC2-12
Removed Pin From Net: NetName=CCSO Pin=IC2-13
Removed Pin From Net: NetName=ESPMISO Pin=IC2-14
Removed Pin From Net: NetName=ESPMOSI Pin=IC2-15
Removed Pin From Net: NetName=CCGDO0 Pin=IC2-19
Removed Pin From Net: NetName=GND Pin=IC2-20
Removed Pin From Net: NetName=5V Pin=IC2-21
Removed Pin From Net: NetName=GND Pin=IC2-22
Removed Pin From Net: NetName=PWMAOUT Pin=IC2-23
Removed Pin From Net: NetName=PWMCOUT Pin=IC2-24
Removed Pin From Net: NetName=RSTABOUT Pin=IC2-25
Removed Pin From Net: NetName=RSTCDOUT Pin=IC2-26
Removed Pin From Net: NetName=ADC0 Pin=IC2-27
Removed Pin From Net: NetName=ADC1 Pin=IC2-28
Removed Pin From Net: NetName=ADC2 Pin=IC2-29
Removed Pin From Net: NetName=ECD2IN Pin=IC2-32
Removed Pin From Net: NetName=ECD0IN Pin=IC2-33
Removed Pin From Net: NetName=ECD3IN Pin=IC2-35
Removed Pin From Net: NetName=ECD1IN Pin=IC2-36
Removed Pin From Net: NetName=CCGDO2 Pin=IC2-38
Removed Member From Class: ClassName=Sheet1 Member=IC2
Added Component: Designator=U?(EK-TM4C123GXL)
Add component. Clean all parameters for all variants
Added Pin To Net: NetName=3V3 Pin=U?-1
Added Pin To Net: NetName=ESPSS Pin=U?-2
Added Pin To Net: NetName=ESPTX Pin=U?-3
Added Pin To Net: NetName=ESPRX Pin=U?-4
Added Pin To Net: NetName=ESPSCL Pin=U?-5
Added Pin To Net: NetName=ESPSDA Pin=U?-6
Added Pin To Net: NetName=ESPSCK Pin=U?-7
Added Pin To Net: NetName=CCSI Pin=U?-8
Added Pin To Net: NetName=GY521SCL Pin=U?-9
Added Pin To Net: NetName=GY521SDA Pin=U?-10
Added Pin To Net: NetName=CCSCLK Pin=U?-11
Added Pin To Net: NetName=CCCSN Pin=U?-12
Added Pin To Net: NetName=CCSO Pin=U?-13
Added Pin To Net: NetName=ESPMISO Pin=U?-14
Added Pin To Net: NetName=ESPMOSI Pin=U?-15
Added Pin To Net: NetName=CCGDO0 Pin=U?-19
Added Pin To Net: NetName=GND Pin=U?-20
Added Pin To Net: NetName=5V Pin=U?-21
Added Pin To Net: NetName=GND Pin=U?-22
Added Pin To Net: NetName=PWMAOUT Pin=U?-23
Added Pin To Net: NetName=PWMCOUT Pin=U?-24
Added Pin To Net: NetName=RSTABOUT Pin=U?-25
Added Pin To Net: NetName=RSTCDOUT Pin=U?-26
Added Pin To Net: NetName=ADC0 Pin=U?-27
Added Pin To Net: NetName=ADC1 Pin=U?-28
Added Pin To Net: NetName=ADC2 Pin=U?-29
Added Pin To Net: NetName=ECD2IN Pin=U?-32
Added Pin To Net: NetName=ECD0IN Pin=U?-33
Added Pin To Net: NetName=ECD3IN Pin=U?-35
Added Pin To Net: NetName=ECD1IN Pin=U?-36
Added Pin To Net: NetName=CCGDO2 Pin=U?-38
Added Member To Class: ClassName=Sheet1 Member=Component U? TM4C123GXL
Added Room: Name=Sheet1
