Removed Pin From Net: NetName=PWMA Pin=IC?-13
Removed Pin From Net: NetName=RSTAB Pin=IC?-14
Removed Pin From Net: NetName=PWMB Pin=IC?-15
Removed Pin From Net: NetName=RSTCD Pin=IC?-17
Removed Pin From Net: NetName=PWMD Pin=IC?-18
Removed Pin From Net: NetName=3V3 Pin=U?-0
Removed Pin From Net: NetName=GND Pin=U?-5
Add component (AddParameter): Name = "3D Package"; Value = ""; VariantName = "[No Variations]"
Add component (AddParameter): Name = "Allied_Number"; Value = ""; VariantName = "[No Variations]"
Add component (AddParameter): Name = "Datasheet Link"; Value = "http://componentsearchengine.com/Datasheets/3/SN74HC14N.pdf"; VariantName = "[No Variations]"
Add component (AddParameter): Name = "Geometry.Height"; Value = "mm"; VariantName = "[No Variations]"
Add component (AddParameter): Name = "Manufacturer_Name"; Value = "Texas Instruments"; VariantName = "[No Variations]"
Add component (AddParameter): Name = "Manufacturer_Part_Number"; Value = "SN74HC14N"; VariantName = "[No Variations]"
Add component (AddParameter): Name = "Other Part Number"; Value = ""; VariantName = "[No Variations]"
Add component (AddParameter): Name = "RS Part Number"; Value = "0442943"; VariantName = "[No Variations]"
Add component (AddParameter): Name = "Supplier_Name"; Value = "RS"; VariantName = "[No Variations]"
Added Component: Designator=B?(DIP254P762X508-14)
Add component. Clean all parameters for all variants
Add component (AddParameter): Name = "3D Package"; Value = ""; VariantName = "[No Variations]"
Add component (AddParameter): Name = "Allied_Number"; Value = ""; VariantName = "[No Variations]"
Add component (AddParameter): Name = "Datasheet Link"; Value = "http://componentsearchengine.com/Datasheets/3/SN74HC14N.pdf"; VariantName = "[No Variations]"
Add component (AddParameter): Name = "Geometry.Height"; Value = "mm"; VariantName = "[No Variations]"
Add component (AddParameter): Name = "Manufacturer_Name"; Value = "Texas Instruments"; VariantName = "[No Variations]"
Add component (AddParameter): Name = "Manufacturer_Part_Number"; Value = "SN74HC14N"; VariantName = "[No Variations]"
Add component (AddParameter): Name = "Other Part Number"; Value = ""; VariantName = "[No Variations]"
Add component (AddParameter): Name = "RS Part Number"; Value = "0442943"; VariantName = "[No Variations]"
Add component (AddParameter): Name = "Supplier_Name"; Value = "RS"; VariantName = "[No Variations]"
Add component (AddParameter): Name = "Value"; Value = "100nF"; VariantName = "[No Variations]"
Added Component: Designator=C?(CN1)
Add component. Clean all parameters for all variants
Add component (AddParameter): Name = "Value"; Value = "100nF"; VariantName = "[No Variations]"
Added Component: Designator=D?(LED-3mm)
Add component. Clean all parameters for all variants
Add component (AddParameter): Name = "LatestRevisionDate"; Value = "17-Jul-2002"; VariantName = "[No Variations]"
Add component (AddParameter): Name = "LatestRevisionNote"; Value = "Re-released for DXP Platform."; VariantName = "[No Variations]"
Add component (AddParameter): Name = "Publisher"; Value = "Altium Limited"; VariantName = "[No Variations]"
Added Component: Designator=P?(JP2X2)
Add component. Clean all parameters for all variants
Add component (AddParameter): Name = "LatestRevisionDate"; Value = "17-Jul-2002"; VariantName = "[No Variations]"
Add component (AddParameter): Name = "LatestRevisionNote"; Value = "Re-released for DXP Platform."; VariantName = "[No Variations]"
Add component (AddParameter): Name = "Publisher"; Value = "Altium Limited"; VariantName = "[No Variations]"
Add component (AddParameter): Name = "LatestRevisionDate"; Value = "17-Jul-2002"; VariantName = "[No Variations]"
Add component (AddParameter): Name = "LatestRevisionNote"; Value = "Re-released for DXP Platform."; VariantName = "[No Variations]"
Add component (AddParameter): Name = "Publisher"; Value = "Altium Limited"; VariantName = "[No Variations]"
Added Component: Designator=P?(JP2X2)
Add component. Clean all parameters for all variants
Add component (AddParameter): Name = "LatestRevisionDate"; Value = "17-Jul-2002"; VariantName = "[No Variations]"
Add component (AddParameter): Name = "LatestRevisionNote"; Value = "Re-released for DXP Platform."; VariantName = "[No Variations]"
Add component (AddParameter): Name = "Publisher"; Value = "Altium Limited"; VariantName = "[No Variations]"
Added Component: Designator=Q?(QTO-92)
Add component. Clean all parameters for all variants
Add component (AddParameter): Name = "Value"; Value = "10K"; VariantName = "[No Variations]"
Added Component: Designator=R?(RES 1/2W)
Add component. Clean all parameters for all variants
Add component (AddParameter): Name = "Value"; Value = "10K"; VariantName = "[No Variations]"
Add component (AddParameter): Name = "Value"; Value = "10K"; VariantName = "[No Variations]"
Added Component: Designator=R?(RES 1/2W)
Add component. Clean all parameters for all variants
Add component (AddParameter): Name = "Value"; Value = "10K"; VariantName = "[No Variations]"
Add component (AddParameter): Name = "Value"; Value = "10K"; VariantName = "[No Variations]"
Added Component: Designator=R?(RES 1/2W)
Add component. Clean all parameters for all variants
Add component (AddParameter): Name = "Value"; Value = "10K"; VariantName = "[No Variations]"
Add component (AddParameter): Name = "Value"; Value = "10K"; VariantName = "[No Variations]"
Added Component: Designator=R?(RES 1/2W)
Add component. Clean all parameters for all variants
Add component (AddParameter): Name = "Value"; Value = "10K"; VariantName = "[No Variations]"
Add component (AddParameter): Name = "Value"; Value = "10k"; VariantName = "[No Variations]"
Added Component: Designator=R?(RES 1/2W)
Add component. Clean all parameters for all variants
Add component (AddParameter): Name = "Value"; Value = "10k"; VariantName = "[No Variations]"
Add component (AddParameter): Name = "Value"; Value = "100"; VariantName = "[No Variations]"
Added Component: Designator=R?(RES 1/2W)
Add component. Clean all parameters for all variants
Add component (AddParameter): Name = "Value"; Value = "100"; VariantName = "[No Variations]"
Add component (AddParameter): Name = "Value"; Value = "1K"; VariantName = "[No Variations]"
Added Component: Designator=R?(RES-SM-0603)
Add component. Clean all parameters for all variants
Add component (AddParameter): Name = "Value"; Value = "1K"; VariantName = "[No Variations]"
Add component (AddParameter): Name = "Value"; Value = "1K"; VariantName = "[No Variations]"
Added Component: Designator=R?(RES-SM-0603)
Add component. Clean all parameters for all variants
Add component (AddParameter): Name = "Value"; Value = "1K"; VariantName = "[No Variations]"
Added Component: Designator=S?(SW2)
Add component. Clean all parameters for all variants
Added Pin To Net: NetName=GND Pin=B?-7
Added Pin To Net: NetName=3V3 Pin=B?-14
Added Pin To Net: NetName=GND Pin=C?-1
Added Pin To Net: NetName=RSTCD Pin=IC?-15
Added Pin To Net: NetName=RSTAB Pin=IC?-17
Added Pin To Net: NetName=PWMA Pin=IC?-18
Added Pin To Net: NetName=GND Pin=P?-2
Added Pin To Net: NetName=GND Pin=P?-2
Added Pin To Net: NetName=GND Pin=Q?-1
Added Pin To Net: NetName=GND Pin=R?-1
Added Pin To Net: NetName=GND Pin=R?-1
Added Pin To Net: NetName=GND Pin=R?-1
Added Pin To Net: NetName=GND Pin=R?-1
Added Pin To Net: NetName=GND Pin=R?-1
Added Pin To Net: NetName=GND Pin=R?-1
Added Pin To Net: NetName=3V3 Pin=R?-2
Added Pin To Net: NetName=PWMB Pin=R?-2
Added Pin To Net: NetName=PWMD Pin=R?-2
Added Pin To Net: NetName=GND Pin=S?-1
Added Pin To Net: NetName=GND Pin=U?-0
Added Pin To Net: NetName=3V3 Pin=U?-1
Added Pin To Net: NetName=A0 Pin=B?-15
Added Net: Name=A0
Added Pin To Net: NetName=ECD0IN Pin=B?-2
Added Net: Name=ECD0IN
Added Pin To Net: NetName=ECD0 Pin=B?-1
Added Pin To Net: NetName=ECD0 Pin=P?-3
Added Net: Name=ECD0
Added Pin To Net: NetName=ECD1IN Pin=B?-6
Added Net: Name=ECD1IN
Added Pin To Net: NetName=ECD1 Pin=B?-5
Added Pin To Net: NetName=ECD1 Pin=P?-4
Added Net: Name=ECD1
Added Pin To Net: NetName=ECD2IN Pin=B?-8
Added Net: Name=ECD2IN
Added Pin To Net: NetName=ECD2 Pin=B?-9
Added Pin To Net: NetName=ECD2 Pin=P?-3
Added Net: Name=ECD2
Added Pin To Net: NetName=ECD3IN Pin=B?-12
Added Net: Name=ECD3IN
Added Pin To Net: NetName=ECD3 Pin=B?-13
Added Pin To Net: NetName=ECD3 Pin=P?-4
Added Net: Name=ECD3
Added Pin To Net: NetName=ESPLED Pin=B?-14
Added Pin To Net: NetName=ESPLED Pin=R?-1
Added Net: Name=ESPLED
Added Pin To Net: NetName=ESPMISO Pin=B?-12
Added Pin To Net: NetName=ESPMISO Pin=IC?-14
Added Net: Name=ESPMISO
Added Pin To Net: NetName=ESPMOSI Pin=B?-11
Added Pin To Net: NetName=ESPMOSI Pin=IC?-15
Added Net: Name=ESPMOSI
Added Pin To Net: NetName=ESPRX Pin=B?-2
Added Pin To Net: NetName=ESPRX Pin=IC?-3
Added Net: Name=ESPRX
Added Pin To Net: NetName=ESPSCK Pin=B?-13
Added Pin To Net: NetName=ESPSCK Pin=IC?-7
Added Net: Name=ESPSCK
Added Pin To Net: NetName=ESPSCL Pin=B?-3
Added Pin To Net: NetName=ESPSCL Pin=IC?-5
Added Net: Name=ESPSCL
Added Pin To Net: NetName=ESPSDA Pin=B?-4
Added Pin To Net: NetName=ESPSDA Pin=IC?-6
Added Net: Name=ESPSDA
Added Pin To Net: NetName=ESPSS Pin=B?-10
Added Pin To Net: NetName=ESPSS Pin=IC?-2
Added Net: Name=ESPSS
Added Pin To Net: NetName=ESPTX Pin=B?-1
Added Pin To Net: NetName=ESPTX Pin=IC?-4
Added Net: Name=ESPTX
Added Pin To Net: NetName=GY521SCL Pin=U?-2
Added Net: Name=GY521SCL
Added Pin To Net: NetName=GY521SDA Pin=U?-3
Added Net: Name=GY521SDA
Added Pin To Net: NetName=NetB?_5 Pin=B?-5
Added Pin To Net: NetName=NetB?_5 Pin=S?-2
Added Net: Name=NetB?_5
Added Pin To Net: NetName=NetD?_1 Pin=D?-1
Added Pin To Net: NetName=NetD?_1 Pin=R?-1
Added Net: Name=NetD?_1
Added Pin To Net: NetName=NetD?_2 Pin=D?-2
Added Pin To Net: NetName=NetD?_2 Pin=Q?-2
Added Net: Name=NetD?_2
Added Pin To Net: NetName=NetQ?_3 Pin=Q?-3
Added Pin To Net: NetName=NetQ?_3 Pin=R?-2
Added Net: Name=NetQ?_3
Added Pin To Net: NetName=PWMAOUT Pin=IC?-2
Added Pin To Net: NetName=PWMAOUT Pin=IC?-23
Added Pin To Net: NetName=PWMAOUT Pin=R?-2
Added Net: Name=PWMAOUT
Added Pin To Net: NetName=PWMCOUT Pin=IC?-4
Added Pin To Net: NetName=PWMCOUT Pin=IC?-24
Added Pin To Net: NetName=PWMCOUT Pin=R?-2
Added Net: Name=PWMCOUT
Added Pin To Net: NetName=RSTABOUT Pin=IC?-3
Added Pin To Net: NetName=RSTABOUT Pin=IC?-37
Added Pin To Net: NetName=RSTABOUT Pin=R?-2
Added Net: Name=RSTABOUT
Added Pin To Net: NetName=RSTCDOUT Pin=IC?-5
Added Pin To Net: NetName=RSTCDOUT Pin=IC?-36
Added Pin To Net: NetName=RSTCDOUT Pin=R?-2
Added Net: Name=RSTCDOUT
Added Pin To Net: NetName=VCC Pin=P?-1
Added Pin To Net: NetName=VCC Pin=P?-1
Added Net: Name=VCC
Added Member To Class: ClassName=Sheet1 Member=Component B? D1_Mini
Added Member To Class: ClassName=Sheet1 Member=Component C? Cap Non-Pol
Added Member To Class: ClassName=Sheet1 Member=Component C? Cap Pol
Added Member To Class: ClassName=Sheet1 Member=Component C? Cap Non-Pol
Added Member To Class: ClassName=Sheet1 Member=Component D? Diode
Added Member To Class: ClassName=Sheet1 Member=Component IC? EK-TM4C123GXL
Added Member To Class: ClassName=Sheet1 Member=Component P? Header 2X2
Added Member To Class: ClassName=Sheet1 Member=Component P? Header 2X2
Added Member To Class: ClassName=Sheet1 Member=Component P? Header 7X2
Added Member To Class: ClassName=Sheet1 Member=Component Q? C1815
Added Member To Class: ClassName=Sheet1 Member=Component R? RESISTOR
Added Member To Class: ClassName=Sheet1 Member=Component R? RESISTOR
Added Member To Class: ClassName=Sheet1 Member=Component R? RESISTOR
Added Member To Class: ClassName=Sheet1 Member=Component R? RESISTOR
Added Member To Class: ClassName=Sheet1 Member=Component R? RESISTOR
Added Member To Class: ClassName=Sheet1 Member=Component R? RESISTOR
Added Member To Class: ClassName=Sheet1 Member=Component R? RESISTOR SMD
Added Member To Class: ClassName=Sheet1 Member=Component R? RESISTOR SMD
Added Member To Class: ClassName=Sheet1 Member=Component S? Tact SW - 2Pin
Added Member To Class: ClassName=Sheet1 Member=Component U? GY-521
Added Room: Name=Sheet1
