Removed Pin From Net: NetName=ESPTX Pin=B1-1
Removed Pin From Net: NetName=ESPRX Pin=B1-2
Removed Pin From Net: NetName=ESPSCL Pin=B1-3
Removed Pin From Net: NetName=ESPSDA Pin=B1-4
Removed Pin From Net: NetName=GND Pin=B1-7
Removed Pin From Net: NetName=ESPSS Pin=B1-10
Removed Pin From Net: NetName=ESPMOSI Pin=B1-11
Removed Pin From Net: NetName=ESPMISO Pin=B1-12
Removed Pin From Net: NetName=ESPSCK Pin=B1-13
Removed Pin From Net: NetName=ESPLED Pin=B1-14
Removed Pin From Net: NetName=5V Pin=B1-15
Removed Pin From Net: NetName=GND Pin=S1-1
Removed Member From Class: ClassName=Sheet1 Member=B?
Change Component Designator: OldDesignator=B? NewDesignator=B1
Change Component Designator: OldDesignator=D? NewDesignator=D3
Change Component Designator: OldDesignator=U? NewDesignator=U1
Change Component Designator: OldDesignator=U? NewDesignator=U2
Change Component Designator: OldDesignator=U? NewDesignator=U4
Added Component: Designator=U3(D1_Mini)
Add component. Clean all parameters for all variants
Added Pin To Net: NetName=GND Pin=S1-2
Added Pin To Net: NetName=5V Pin=U3-2
Added Pin To Net: NetName=ESPLED Pin=U3-3
Added Pin To Net: NetName=ESPSCK Pin=U3-4
Added Pin To Net: NetName=ESPMISO Pin=U3-5
Added Pin To Net: NetName=ESPMOSI Pin=U3-6
Added Pin To Net: NetName=ESPSS Pin=U3-7
Added Pin To Net: NetName=ESPTX Pin=U3-9
Added Pin To Net: NetName=ESPRX Pin=U3-10
Added Pin To Net: NetName=ESPSCL Pin=U3-11
Added Pin To Net: NetName=ESPSDA Pin=U3-12
Added Pin To Net: NetName=GND Pin=U3-15
Added Pin To Net: NetName=NetD3_2 Pin=D3-2
Added Pin To Net: NetName=NetD3_2 Pin=U3-8
Added Net: Name=NetD3_2
Added Pin To Net: NetName=NetS1_1 Pin=S1-1
Added Pin To Net: NetName=NetS1_1 Pin=U3-13
Added Net: Name=NetS1_1
Added Member To Class: ClassName=Sheet1 Member=Component U2 TM4C123GXL
Added Member To Class: ClassName=Sheet1 Member=Component U3 D1_Mini
Added Member To Class: ClassName=Sheet1 Member=Component U4 CC2500_Module
Added Room: Name=Sheet1
