Add component (AddParameter): Name = "3D Package"; Value = ""; VariantName = "[No Variations]"
Add component (AddParameter): Name = "Allied_Number"; Value = ""; VariantName = "[No Variations]"
Add component (AddParameter): Name = "Datasheet Link"; Value = "https://www.wemos.cc/product/d1-mini.html"; VariantName = "[No Variations]"
Add component (AddParameter): Name = "Geometry.Height"; Value = "mm"; VariantName = "[No Variations]"
Add component (AddParameter): Name = "Manufacturer_Name"; Value = "Wemos"; VariantName = "[No Variations]"
Add component (AddParameter): Name = "Manufacturer_Part_Number"; Value = "D1 Mini"; VariantName = "[No Variations]"
Add component (AddParameter): Name = "Other Part Number"; Value = ""; VariantName = "[No Variations]"
Add component (AddParameter): Name = "RS Part Number"; Value = ""; VariantName = "[No Variations]"
Add component (AddParameter): Name = "Supplier_Name"; Value = "RS"; VariantName = "[No Variations]"
Added Component: Designator=B1(D1-MINI)
Add component. Clean all parameters for all variants
Add component (AddParameter): Name = "3D Package"; Value = ""; VariantName = "[No Variations]"
Add component (AddParameter): Name = "Allied_Number"; Value = ""; VariantName = "[No Variations]"
Add component (AddParameter): Name = "Datasheet Link"; Value = "https://www.wemos.cc/product/d1-mini.html"; VariantName = "[No Variations]"
Add component (AddParameter): Name = "Geometry.Height"; Value = "mm"; VariantName = "[No Variations]"
Add component (AddParameter): Name = "Manufacturer_Name"; Value = "Wemos"; VariantName = "[No Variations]"
Add component (AddParameter): Name = "Manufacturer_Part_Number"; Value = "D1 Mini"; VariantName = "[No Variations]"
Add component (AddParameter): Name = "Other Part Number"; Value = ""; VariantName = "[No Variations]"
Add component (AddParameter): Name = "RS Part Number"; Value = ""; VariantName = "[No Variations]"
Add component (AddParameter): Name = "Supplier_Name"; Value = "RS"; VariantName = "[No Variations]"
Add component (AddParameter): Name = "3D Package"; Value = ""; VariantName = "[No Variations]"
Add component (AddParameter): Name = "Allied_Number"; Value = ""; VariantName = "[No Variations]"
Add component (AddParameter): Name = "Datasheet Link"; Value = "http://componentsearchengine.com/Datasheets/3/SN74HC14N.pdf"; VariantName = "[No Variations]"
Add component (AddParameter): Name = "Geometry.Height"; Value = "mm"; VariantName = "[No Variations]"
Add component (AddParameter): Name = "Manufacturer_Name"; Value = "Texas Instruments"; VariantName = "[No Variations]"
Add component (AddParameter): Name = "Manufacturer_Part_Number"; Value = "SN74HC14N"; VariantName = "[No Variations]"
Add component (AddParameter): Name = "Other Part Number"; Value = ""; VariantName = "[No Variations]"
Add component (AddParameter): Name = "RS Part Number"; Value = "0442943"; VariantName = "[No Variations]"
Add component (AddParameter): Name = "Supplier_Name"; Value = "RS"; VariantName = "[No Variations]"
Added Component: Designator=B2(DIP254P762X508-14)
Add component. Clean all parameters for all variants
Add component (AddParameter): Name = "3D Package"; Value = ""; VariantName = "[No Variations]"
Add component (AddParameter): Name = "Allied_Number"; Value = ""; VariantName = "[No Variations]"
Add component (AddParameter): Name = "Datasheet Link"; Value = "http://componentsearchengine.com/Datasheets/3/SN74HC14N.pdf"; VariantName = "[No Variations]"
Add component (AddParameter): Name = "Geometry.Height"; Value = "mm"; VariantName = "[No Variations]"
Add component (AddParameter): Name = "Manufacturer_Name"; Value = "Texas Instruments"; VariantName = "[No Variations]"
Add component (AddParameter): Name = "Manufacturer_Part_Number"; Value = "SN74HC14N"; VariantName = "[No Variations]"
Add component (AddParameter): Name = "Other Part Number"; Value = ""; VariantName = "[No Variations]"
Add component (AddParameter): Name = "RS Part Number"; Value = "0442943"; VariantName = "[No Variations]"
Add component (AddParameter): Name = "Supplier_Name"; Value = "RS"; VariantName = "[No Variations]"
Add component (AddParameter): Name = "3D Package"; Value = ""; VariantName = "[No Variations]"
Add component (AddParameter): Name = "Allied_Number"; Value = "70153918"; VariantName = "[No Variations]"
Add component (AddParameter): Name = "Datasheet Link"; Value = "http://docs-europe.electrocomponents.com/webdocs/069c/0900766b8069ccf4.pdf"; VariantName = "[No Variations]"
Add component (AddParameter): Name = "Geometry.Height"; Value = "11.55mm"; VariantName = "[No Variations]"
Add component (AddParameter): Name = "Manufacturer_Name"; Value = "Bourns"; VariantName = "[No Variations]"
Add component (AddParameter): Name = "Manufacturer_Part_Number"; Value = "3296W-1-103LF"; VariantName = "[No Variations]"
Add component (AddParameter): Name = "Other Part Number"; Value = ""; VariantName = "[No Variations]"
Add component (AddParameter): Name = "RS Part Number"; Value = "5219647P"; VariantName = "[No Variations]"
Add component (AddParameter): Name = "Supplier_Name"; Value = "RS"; VariantName = "[No Variations]"
Added Component: Designator=B3(SHDR3W54P0X254_1X3_953X483X1155P)
Add component. Clean all parameters for all variants
Add component (AddParameter): Name = "3D Package"; Value = ""; VariantName = "[No Variations]"
Add component (AddParameter): Name = "Allied_Number"; Value = "70153918"; VariantName = "[No Variations]"
Add component (AddParameter): Name = "Datasheet Link"; Value = "http://docs-europe.electrocomponents.com/webdocs/069c/0900766b8069ccf4.pdf"; VariantName = "[No Variations]"
Add component (AddParameter): Name = "Geometry.Height"; Value = "11.55mm"; VariantName = "[No Variations]"
Add component (AddParameter): Name = "Manufacturer_Name"; Value = "Bourns"; VariantName = "[No Variations]"
Add component (AddParameter): Name = "Manufacturer_Part_Number"; Value = "3296W-1-103LF"; VariantName = "[No Variations]"
Add component (AddParameter): Name = "Other Part Number"; Value = ""; VariantName = "[No Variations]"
Add component (AddParameter): Name = "RS Part Number"; Value = "5219647P"; VariantName = "[No Variations]"
Add component (AddParameter): Name = "Supplier_Name"; Value = "RS"; VariantName = "[No Variations]"
Add component (AddParameter): Name = "3D Package"; Value = ""; VariantName = "[No Variations]"
Add component (AddParameter): Name = "Allied_Number"; Value = "70153918"; VariantName = "[No Variations]"
Add component (AddParameter): Name = "Datasheet Link"; Value = "http://docs-europe.electrocomponents.com/webdocs/069c/0900766b8069ccf4.pdf"; VariantName = "[No Variations]"
Add component (AddParameter): Name = "Geometry.Height"; Value = "11.55mm"; VariantName = "[No Variations]"
Add component (AddParameter): Name = "Manufacturer_Name"; Value = "Bourns"; VariantName = "[No Variations]"
Add component (AddParameter): Name = "Manufacturer_Part_Number"; Value = "3296W-1-103LF"; VariantName = "[No Variations]"
Add component (AddParameter): Name = "Other Part Number"; Value = ""; VariantName = "[No Variations]"
Add component (AddParameter): Name = "RS Part Number"; Value = "5219647P"; VariantName = "[No Variations]"
Add component (AddParameter): Name = "Supplier_Name"; Value = "RS"; VariantName = "[No Variations]"
Added Component: Designator=B4(SHDR3W54P0X254_1X3_953X483X1155P)
Add component. Clean all parameters for all variants
Add component (AddParameter): Name = "3D Package"; Value = ""; VariantName = "[No Variations]"
Add component (AddParameter): Name = "Allied_Number"; Value = "70153918"; VariantName = "[No Variations]"
Add component (AddParameter): Name = "Datasheet Link"; Value = "http://docs-europe.electrocomponents.com/webdocs/069c/0900766b8069ccf4.pdf"; VariantName = "[No Variations]"
Add component (AddParameter): Name = "Geometry.Height"; Value = "11.55mm"; VariantName = "[No Variations]"
Add component (AddParameter): Name = "Manufacturer_Name"; Value = "Bourns"; VariantName = "[No Variations]"
Add component (AddParameter): Name = "Manufacturer_Part_Number"; Value = "3296W-1-103LF"; VariantName = "[No Variations]"
Add component (AddParameter): Name = "Other Part Number"; Value = ""; VariantName = "[No Variations]"
Add component (AddParameter): Name = "RS Part Number"; Value = "5219647P"; VariantName = "[No Variations]"
Add component (AddParameter): Name = "Supplier_Name"; Value = "RS"; VariantName = "[No Variations]"
Add component (AddParameter): Name = "3D Package"; Value = ""; VariantName = "[No Variations]"
Add component (AddParameter): Name = "Allied_Number"; Value = "70153918"; VariantName = "[No Variations]"
Add component (AddParameter): Name = "Datasheet Link"; Value = "http://docs-europe.electrocomponents.com/webdocs/069c/0900766b8069ccf4.pdf"; VariantName = "[No Variations]"
Add component (AddParameter): Name = "Geometry.Height"; Value = "11.55mm"; VariantName = "[No Variations]"
Add component (AddParameter): Name = "Manufacturer_Name"; Value = "Bourns"; VariantName = "[No Variations]"
Add component (AddParameter): Name = "Manufacturer_Part_Number"; Value = "3296W-1-103LF"; VariantName = "[No Variations]"
Add component (AddParameter): Name = "Other Part Number"; Value = ""; VariantName = "[No Variations]"
Add component (AddParameter): Name = "RS Part Number"; Value = "5219647P"; VariantName = "[No Variations]"
Add component (AddParameter): Name = "Supplier_Name"; Value = "RS"; VariantName = "[No Variations]"
Added Component: Designator=B5(SHDR3W54P0X254_1X3_953X483X1155P)
Add component. Clean all parameters for all variants
Add component (AddParameter): Name = "3D Package"; Value = ""; VariantName = "[No Variations]"
Add component (AddParameter): Name = "Allied_Number"; Value = "70153918"; VariantName = "[No Variations]"
Add component (AddParameter): Name = "Datasheet Link"; Value = "http://docs-europe.electrocomponents.com/webdocs/069c/0900766b8069ccf4.pdf"; VariantName = "[No Variations]"
Add component (AddParameter): Name = "Geometry.Height"; Value = "11.55mm"; VariantName = "[No Variations]"
Add component (AddParameter): Name = "Manufacturer_Name"; Value = "Bourns"; VariantName = "[No Variations]"
Add component (AddParameter): Name = "Manufacturer_Part_Number"; Value = "3296W-1-103LF"; VariantName = "[No Variations]"
Add component (AddParameter): Name = "Other Part Number"; Value = ""; VariantName = "[No Variations]"
Add component (AddParameter): Name = "RS Part Number"; Value = "5219647P"; VariantName = "[No Variations]"
Add component (AddParameter): Name = "Supplier_Name"; Value = "RS"; VariantName = "[No Variations]"
Add component (AddParameter): Name = "Value"; Value = "100nF"; VariantName = "[No Variations]"
Added Component: Designator=C1(CN1)
Add component. Clean all parameters for all variants
Add component (AddParameter): Name = "Value"; Value = "100nF"; VariantName = "[No Variations]"
Add component (AddParameter): Name = "Value"; Value = "470uF"; VariantName = "[No Variations]"
Added Component: Designator=C2(CP1/2)
Add component. Clean all parameters for all variants
Add component (AddParameter): Name = "Value"; Value = "470uF"; VariantName = "[No Variations]"
Add component (AddParameter): Name = "Value"; Value = "10uF"; VariantName = "[No Variations]"
Added Component: Designator=C3(CP1/2)
Add component. Clean all parameters for all variants
Add component (AddParameter): Name = "Value"; Value = "10uF"; VariantName = "[No Variations]"
Add component (AddParameter): Name = "Value"; Value = "104"; VariantName = "[No Variations]"
Added Component: Designator=C4(CN1)
Add component. Clean all parameters for all variants
Add component (AddParameter): Name = "Value"; Value = "104"; VariantName = "[No Variations]"
Added Component: Designator=D1(D1A)
Add component. Clean all parameters for all variants
Added Component: Designator=D2(LED-3mm)
Add component. Clean all parameters for all variants
Added Component: Designator=D?(D1A)
Add component. Clean all parameters for all variants
Add component (AddParameter): Name = "Copyright by"; Value = "VanDungEvn@gmail.com"; VariantName = "[No Variations]"
Added Component: Designator=IC1(DIP20)
Add component. Clean all parameters for all variants
Add component (AddParameter): Name = "Copyright by"; Value = "VanDungEvn@gmail.com"; VariantName = "[No Variations]"
Add component (AddParameter): Name = "Availability"; Value = "Good"; VariantName = "[No Variations]"
Add component (AddParameter): Name = "MF"; Value = "Texas Instruments"; VariantName = "[No Variations]"
Add component (AddParameter): Name = "MP"; Value = "EK-TM4C123GXL"; VariantName = "[No Variations]"
Add component (AddParameter): Name = "Package"; Value = "None"; VariantName = "[No Variations]"
Add component (AddParameter): Name = "Price"; Value = "20.14 USD"; VariantName = "[No Variations]"
Add component (AddParameter): Name = "Value"; Value = ""; VariantName = "[No Variations]"
Added Component: Designator=IC2(TM4C123LAUNCHPAD)
Add component. Clean all parameters for all variants
Add component (AddParameter): Name = "Availability"; Value = "Good"; VariantName = "[No Variations]"
Add component (AddParameter): Name = "MF"; Value = "Texas Instruments"; VariantName = "[No Variations]"
Add component (AddParameter): Name = "MP"; Value = "EK-TM4C123GXL"; VariantName = "[No Variations]"
Add component (AddParameter): Name = "Package"; Value = "None"; VariantName = "[No Variations]"
Add component (AddParameter): Name = "Price"; Value = "20.14 USD"; VariantName = "[No Variations]"
Add component (AddParameter): Name = "Value"; Value = ""; VariantName = "[No Variations]"
Add component (AddParameter): Name = "LatestRevisionDate"; Value = "17-Jul-2002"; VariantName = "[No Variations]"
Add component (AddParameter): Name = "LatestRevisionNote"; Value = "Re-released for DXP Platform."; VariantName = "[No Variations]"
Add component (AddParameter): Name = "Publisher"; Value = "Altium Limited"; VariantName = "[No Variations]"
Added Component: Designator=P1(JP3x2)
Add component. Clean all parameters for all variants
Add component (AddParameter): Name = "LatestRevisionDate"; Value = "17-Jul-2002"; VariantName = "[No Variations]"
Add component (AddParameter): Name = "LatestRevisionNote"; Value = "Re-released for DXP Platform."; VariantName = "[No Variations]"
Add component (AddParameter): Name = "Publisher"; Value = "Altium Limited"; VariantName = "[No Variations]"
Add component (AddParameter): Name = "LatestRevisionDate"; Value = "17-Jul-2002"; VariantName = "[No Variations]"
Add component (AddParameter): Name = "LatestRevisionNote"; Value = "Re-released for DXP Platform."; VariantName = "[No Variations]"
Add component (AddParameter): Name = "Publisher"; Value = "Altium Limited"; VariantName = "[No Variations]"
Added Component: Designator=P2(JP7X2)
Add component. Clean all parameters for all variants
Add component (AddParameter): Name = "LatestRevisionDate"; Value = "17-Jul-2002"; VariantName = "[No Variations]"
Add component (AddParameter): Name = "LatestRevisionNote"; Value = "Re-released for DXP Platform."; VariantName = "[No Variations]"
Add component (AddParameter): Name = "Publisher"; Value = "Altium Limited"; VariantName = "[No Variations]"
Add component (AddParameter): Name = "LatestRevisionDate"; Value = "17-Jul-2002"; VariantName = "[No Variations]"
Add component (AddParameter): Name = "LatestRevisionNote"; Value = "Re-released for DXP Platform."; VariantName = "[No Variations]"
Add component (AddParameter): Name = "Publisher"; Value = "Altium Limited"; VariantName = "[No Variations]"
Added Component: Designator=P3(JP2X2)
Add component. Clean all parameters for all variants
Add component (AddParameter): Name = "LatestRevisionDate"; Value = "17-Jul-2002"; VariantName = "[No Variations]"
Add component (AddParameter): Name = "LatestRevisionNote"; Value = "Re-released for DXP Platform."; VariantName = "[No Variations]"
Add component (AddParameter): Name = "Publisher"; Value = "Altium Limited"; VariantName = "[No Variations]"
Add component (AddParameter): Name = "LatestRevisionDate"; Value = "17-Jul-2002"; VariantName = "[No Variations]"
Add component (AddParameter): Name = "LatestRevisionNote"; Value = "Re-released for DXP Platform."; VariantName = "[No Variations]"
Add component (AddParameter): Name = "Publisher"; Value = "Altium Limited"; VariantName = "[No Variations]"
Added Component: Designator=P4(JP2X2)
Add component. Clean all parameters for all variants
Add component (AddParameter): Name = "LatestRevisionDate"; Value = "17-Jul-2002"; VariantName = "[No Variations]"
Add component (AddParameter): Name = "LatestRevisionNote"; Value = "Re-released for DXP Platform."; VariantName = "[No Variations]"
Add component (AddParameter): Name = "Publisher"; Value = "Altium Limited"; VariantName = "[No Variations]"
Added Component: Designator=Q1(QTO-92)
Add component. Clean all parameters for all variants
Add component (AddParameter): Name = "Value"; Value = "1K"; VariantName = "[No Variations]"
Added Component: Designator=R1(RES 1/2W)
Add component. Clean all parameters for all variants
Add component (AddParameter): Name = "Value"; Value = "1K"; VariantName = "[No Variations]"
Add component (AddParameter): Name = "Value"; Value = "1K"; VariantName = "[No Variations]"
Added Component: Designator=R2(RES 1/2W)
Add component. Clean all parameters for all variants
Add component (AddParameter): Name = "Value"; Value = "1K"; VariantName = "[No Variations]"
Add component (AddParameter): Name = "Value"; Value = "10K"; VariantName = "[No Variations]"
Added Component: Designator=R3(RES 1/2W)
Add component. Clean all parameters for all variants
Add component (AddParameter): Name = "Value"; Value = "10K"; VariantName = "[No Variations]"
Add component (AddParameter): Name = "Value"; Value = "10K"; VariantName = "[No Variations]"
Added Component: Designator=R4(RES 1/2W)
Add component. Clean all parameters for all variants
Add component (AddParameter): Name = "Value"; Value = "10K"; VariantName = "[No Variations]"
Add component (AddParameter): Name = "Value"; Value = "10K"; VariantName = "[No Variations]"
Added Component: Designator=R5(RES 1/2W)
Add component. Clean all parameters for all variants
Add component (AddParameter): Name = "Value"; Value = "10K"; VariantName = "[No Variations]"
Add component (AddParameter): Name = "Value"; Value = "10K"; VariantName = "[No Variations]"
Added Component: Designator=R6(RES 1/2W)
Add component. Clean all parameters for all variants
Add component (AddParameter): Name = "Value"; Value = "10K"; VariantName = "[No Variations]"
Add component (AddParameter): Name = "Value"; Value = "100"; VariantName = "[No Variations]"
Added Component: Designator=R7(RES 1/2W)
Add component. Clean all parameters for all variants
Add component (AddParameter): Name = "Value"; Value = "100"; VariantName = "[No Variations]"
Add component (AddParameter): Name = "Value"; Value = "10k"; VariantName = "[No Variations]"
Added Component: Designator=R8(RES 1/2W)
Add component. Clean all parameters for all variants
Add component (AddParameter): Name = "Value"; Value = "10k"; VariantName = "[No Variations]"
Added Component: Designator=S1(SW2)
Add component. Clean all parameters for all variants
Added Component: Designator=U1(GT-521)
Add component. Clean all parameters for all variants
Added Component: Designator=U2(ESP-07S)
Add component. Clean all parameters for all variants
Added Pin To Net: NetName=3V3 Pin=B2-14
Added Pin To Net: NetName=3V3 Pin=B3-1
Added Pin To Net: NetName=3V3 Pin=B4-1
Added Pin To Net: NetName=3V3 Pin=B5-1
Added Pin To Net: NetName=3V3 Pin=D?-1
Added Pin To Net: NetName=3V3 Pin=IC2-1
Added Pin To Net: NetName=3V3 Pin=P3-1
Added Pin To Net: NetName=3V3 Pin=P4-1
Added Pin To Net: NetName=3V3 Pin=R7-2
Added Pin To Net: NetName=3V3 Pin=U1-0
Added Pin To Net: NetName=3V3 Pin=U2-1
Added Net: Name=3V3
Added Pin To Net: NetName=5VS Pin=C2-1
Added Pin To Net: NetName=5VS Pin=C3-1
Added Pin To Net: NetName=5VS Pin=C4-1
Added Pin To Net: NetName=5VS Pin=D1-1
Added Pin To Net: NetName=5VS Pin=P2-10
Added Net: Name=5VS
Added Pin To Net: NetName=5V Pin=B1-15
Added Pin To Net: NetName=5V Pin=C1-2
Added Pin To Net: NetName=5V Pin=IC1-1
Added Pin To Net: NetName=5V Pin=IC1-20
Added Pin To Net: NetName=5V Pin=IC2-21
Added Net: Name=5V
Added Pin To Net: NetName=ADC0 Pin=B3-2
Added Pin To Net: NetName=ADC0 Pin=IC2-27
Added Net: Name=ADC0
Added Pin To Net: NetName=ADC1 Pin=B4-2
Added Pin To Net: NetName=ADC1 Pin=IC2-28
Added Net: Name=ADC1
Added Pin To Net: NetName=ADC2 Pin=B5-2
Added Pin To Net: NetName=ADC2 Pin=IC2-29
Added Net: Name=ADC2
Added Pin To Net: NetName=CCCSN Pin=IC2-12
Added Pin To Net: NetName=CCCSN Pin=U2-7
Added Net: Name=CCCSN
Added Pin To Net: NetName=CCGDO0 Pin=IC2-19
Added Pin To Net: NetName=CCGDO0 Pin=U2-6
Added Net: Name=CCGDO0
Added Pin To Net: NetName=CCGDO2 Pin=IC2-38
Added Pin To Net: NetName=CCGDO2 Pin=U2-5
Added Net: Name=CCGDO2
Added Pin To Net: NetName=CCSCLK Pin=IC2-11
Added Pin To Net: NetName=CCSCLK Pin=U2-3
Added Net: Name=CCSCLK
Added Pin To Net: NetName=CCSI Pin=IC2-8
Added Pin To Net: NetName=CCSI Pin=U2-2
Added Net: Name=CCSI
Added Pin To Net: NetName=CCSO Pin=IC2-13
Added Pin To Net: NetName=CCSO Pin=U2-4
Added Net: Name=CCSO
Added Pin To Net: NetName=ECD0IN Pin=B2-2
Added Pin To Net: NetName=ECD0IN Pin=IC2-33
Added Net: Name=ECD0IN
Added Pin To Net: NetName=ECD0 Pin=B2-1
Added Pin To Net: NetName=ECD0 Pin=P3-3
Added Net: Name=ECD0
Added Pin To Net: NetName=ECD1IN Pin=B2-6
Added Pin To Net: NetName=ECD1IN Pin=IC2-36
Added Net: Name=ECD1IN
Added Pin To Net: NetName=ECD1 Pin=B2-5
Added Pin To Net: NetName=ECD1 Pin=P3-4
Added Net: Name=ECD1
Added Pin To Net: NetName=ECD2IN Pin=B2-8
Added Pin To Net: NetName=ECD2IN Pin=IC2-32
Added Net: Name=ECD2IN
Added Pin To Net: NetName=ECD2 Pin=B2-9
Added Pin To Net: NetName=ECD2 Pin=P4-3
Added Net: Name=ECD2
Added Pin To Net: NetName=ECD3IN Pin=B2-12
Added Pin To Net: NetName=ECD3IN Pin=IC2-35
Added Net: Name=ECD3IN
Added Pin To Net: NetName=ECD3 Pin=B2-13
Added Pin To Net: NetName=ECD3 Pin=P4-4
Added Net: Name=ECD3
Added Pin To Net: NetName=ESPLED Pin=B1-14
Added Pin To Net: NetName=ESPLED Pin=R8-1
Added Net: Name=ESPLED
Added Pin To Net: NetName=ESPMISO Pin=B1-12
Added Pin To Net: NetName=ESPMISO Pin=IC2-14
Added Net: Name=ESPMISO
Added Pin To Net: NetName=ESPMOSI Pin=B1-11
Added Pin To Net: NetName=ESPMOSI Pin=IC2-15
Added Net: Name=ESPMOSI
Added Pin To Net: NetName=ESPRX Pin=B1-2
Added Pin To Net: NetName=ESPRX Pin=IC2-4
Added Net: Name=ESPRX
Added Pin To Net: NetName=ESPSCK Pin=B1-13
Added Pin To Net: NetName=ESPSCK Pin=IC2-7
Added Net: Name=ESPSCK
Added Pin To Net: NetName=ESPSCL Pin=B1-3
Added Pin To Net: NetName=ESPSCL Pin=IC2-5
Added Net: Name=ESPSCL
Added Pin To Net: NetName=ESPSDA Pin=B1-4
Added Pin To Net: NetName=ESPSDA Pin=IC2-6
Added Net: Name=ESPSDA
Added Pin To Net: NetName=ESPSS Pin=B1-10
Added Pin To Net: NetName=ESPSS Pin=IC2-2
Added Net: Name=ESPSS
Added Pin To Net: NetName=ESPTX Pin=B1-1
Added Pin To Net: NetName=ESPTX Pin=IC2-3
Added Net: Name=ESPTX
Added Pin To Net: NetName=FAULT Pin=P2-7
Added Net: Name=FAULT
Added Pin To Net: NetName=GND Pin=B1-7
Added Pin To Net: NetName=GND Pin=B2-7
Added Pin To Net: NetName=GND Pin=B3-3
Added Pin To Net: NetName=GND Pin=B4-3
Added Pin To Net: NetName=GND Pin=B5-3
Added Pin To Net: NetName=GND Pin=C1-1
Added Pin To Net: NetName=GND Pin=C2-2
Added Pin To Net: NetName=GND Pin=C3-2
Added Pin To Net: NetName=GND Pin=C4-2
Added Pin To Net: NetName=GND Pin=IC1-10
Added Pin To Net: NetName=GND Pin=IC1-19
Added Pin To Net: NetName=GND Pin=IC2-20
Added Pin To Net: NetName=GND Pin=IC2-22
Added Pin To Net: NetName=GND Pin=P1-4
Added Pin To Net: NetName=GND Pin=P1-5
Added Pin To Net: NetName=GND Pin=P1-6
Added Pin To Net: NetName=GND Pin=P2-8
Added Pin To Net: NetName=GND Pin=P2-9
Added Pin To Net: NetName=GND Pin=P3-2
Added Pin To Net: NetName=GND Pin=P4-2
Added Pin To Net: NetName=GND Pin=Q1-1
Added Pin To Net: NetName=GND Pin=R1-1
Added Pin To Net: NetName=GND Pin=R2-1
Added Pin To Net: NetName=GND Pin=R3-1
Added Pin To Net: NetName=GND Pin=R4-1
Added Pin To Net: NetName=GND Pin=R5-1
Added Pin To Net: NetName=GND Pin=R6-1
Added Pin To Net: NetName=GND Pin=S1-1
Added Pin To Net: NetName=GND Pin=U1-1
Added Pin To Net: NetName=GND Pin=U2-0
Added Net: Name=GND
Added Pin To Net: NetName=GY521SCL Pin=IC2-9
Added Pin To Net: NetName=GY521SCL Pin=U1-2
Added Net: Name=GY521SCL
Added Pin To Net: NetName=GY521SDA Pin=IC2-10
Added Pin To Net: NetName=GY521SDA Pin=U1-3
Added Net: Name=GY521SDA
Added Pin To Net: NetName=M1 Pin=P2-11
Added Net: Name=M1
Added Pin To Net: NetName=M2 Pin=P2-12
Added Net: Name=M2
Added Pin To Net: NetName=M3 Pin=P2-13
Added Net: Name=M3
Added Pin To Net: NetName=NetB1_5 Pin=B1-5
Added Pin To Net: NetName=NetB1_5 Pin=S1-2
Added Net: Name=NetB1_5
Added Pin To Net: NetName=NetB1_9 Pin=B1-9
Added Pin To Net: NetName=NetB1_9 Pin=D?-2
Added Net: Name=NetB1_9
Added Pin To Net: NetName=NetD1_2 Pin=D1-2
Added Pin To Net: NetName=NetD1_2 Pin=P1-1
Added Pin To Net: NetName=NetD1_2 Pin=P1-2
Added Pin To Net: NetName=NetD1_2 Pin=P1-3
Added Net: Name=NetD1_2
Added Pin To Net: NetName=NetD2_1 Pin=D2-1
Added Pin To Net: NetName=NetD2_1 Pin=R7-1
Added Net: Name=NetD2_1
Added Pin To Net: NetName=NetD2_2 Pin=D2-2
Added Pin To Net: NetName=NetD2_2 Pin=Q1-2
Added Net: Name=NetD2_2
Added Pin To Net: NetName=NetQ1_3 Pin=Q1-3
Added Pin To Net: NetName=NetQ1_3 Pin=R8-2
Added Net: Name=NetQ1_3
Added Pin To Net: NetName=OTW Pin=P2-14
Added Net: Name=OTW
Added Pin To Net: NetName=PWMAOUT Pin=IC1-2
Added Pin To Net: NetName=PWMAOUT Pin=IC2-23
Added Pin To Net: NetName=PWMAOUT Pin=R6-2
Added Net: Name=PWMAOUT
Added Pin To Net: NetName=PWMA Pin=IC1-18
Added Pin To Net: NetName=PWMA Pin=P2-6
Added Net: Name=PWMA
Added Pin To Net: NetName=PWMB Pin=P2-4
Added Pin To Net: NetName=PWMB Pin=R2-2
Added Net: Name=PWMB
Added Pin To Net: NetName=PWMCOUT Pin=IC1-5
Added Pin To Net: NetName=PWMCOUT Pin=IC2-24
Added Pin To Net: NetName=PWMCOUT Pin=R3-2
Added Net: Name=PWMCOUT
Added Pin To Net: NetName=PWMC Pin=IC1-15
Added Pin To Net: NetName=PWMC Pin=P2-3
Added Net: Name=PWMC
Added Pin To Net: NetName=PWMD Pin=P2-1
Added Pin To Net: NetName=PWMD Pin=R1-2
Added Net: Name=PWMD
Added Pin To Net: NetName=RSTABOUT Pin=IC1-3
Added Pin To Net: NetName=RSTABOUT Pin=IC2-25
Added Pin To Net: NetName=RSTABOUT Pin=R5-2
Added Net: Name=RSTABOUT
Added Pin To Net: NetName=RSTAB Pin=IC1-17
Added Pin To Net: NetName=RSTAB Pin=P2-5
Added Net: Name=RSTAB
Added Pin To Net: NetName=RSTCDOUT Pin=IC1-4
Added Pin To Net: NetName=RSTCDOUT Pin=IC2-26
Added Pin To Net: NetName=RSTCDOUT Pin=R4-2
Added Net: Name=RSTCDOUT
Added Pin To Net: NetName=RSTCD Pin=IC1-16
Added Pin To Net: NetName=RSTCD Pin=P2-2
Added Net: Name=RSTCD
Added Class: Name=Sheet1
Added Room: Name=Sheet1
