
**** Build of configuration Debug for project IR ****

"E:\\ProgrameFiles\\CCS\\ccsv7\\utils\\bin\\gmake" -k -j 4 all -O 
 
'Building file: "../main.c"'
'Invoking: MSP430 Compiler'
"E:/ProgrameFiles/CCS/ccsv7/tools/compiler/ti-cgt-msp430_16.9.6.LTS/bin/cl430" -vmsp --use_hw_mpy=none --include_path="E:/ProgrameFiles/CCS/ccsv7/ccs_base/msp430/include" --include_path="E:/github/Two-wheeled-Self-balancing-Robot/CodeCCS/IR" --include_path="E:/ProgrameFiles/CCS/ccsv7/tools/compiler/ti-cgt-msp430_16.9.6.LTS/include" --advice:power=all --define=__MSP430G2553__ -g --printf_support=minimal --diag_warning=225 --diag_wrap=off --display_error_number --preproc_with_compile --preproc_dependency="main.d_raw"  "../main.c"
"../main.c", line 12: remark #1527-D: (ULP 2.1) Detected SW delay loop using empty loop. Recommend using a timer module instead
'Finished building: "../main.c"'
 
'Building file: "../lib/IRrecv.c"'
'Invoking: MSP430 Compiler'
"E:/ProgrameFiles/CCS/ccsv7/tools/compiler/ti-cgt-msp430_16.9.6.LTS/bin/cl430" -vmsp --use_hw_mpy=none --include_path="E:/ProgrameFiles/CCS/ccsv7/ccs_base/msp430/include" --include_path="E:/github/Two-wheeled-Self-balancing-Robot/CodeCCS/IR" --include_path="E:/ProgrameFiles/CCS/ccsv7/tools/compiler/ti-cgt-msp430_16.9.6.LTS/include" --advice:power=all --define=__MSP430G2553__ -g --printf_support=minimal --diag_warning=225 --diag_wrap=off --display_error_number --preproc_with_compile --preproc_dependency="lib/IRrecv.d_raw" --obj_directory="lib"  "../lib/IRrecv.c"
"../lib/IRrecv.c", line 69: remark #1546-D: (ULP 15.1) Detected consecutive bitfield assigns. Recommend using bit mask instead
"../lib/IRrecv.c", line 121: remark #1546-D: (ULP 15.1) Detected consecutive bitfield assigns. Recommend using bit mask instead
"../lib/IRrecv.c", line 124: remark #1546-D: (ULP 15.1) Detected consecutive bitfield assigns. Recommend using bit mask instead
"../lib/IRrecv.c", line 133: remark #1546-D: (ULP 15.1) Detected consecutive bitfield assigns. Recommend using bit mask instead
"../lib/IRrecv.c", line 141: remark #1546-D: (ULP 15.1) Detected consecutive bitfield assigns. Recommend using bit mask instead
"../lib/IRrecv.c", line 158: remark #1546-D: (ULP 15.1) Detected consecutive bitfield assigns. Recommend using bit mask instead
'Finished building: "../lib/IRrecv.c"'
 
'Building target: "IR.out"'
'Invoking: MSP430 Linker'
"E:/ProgrameFiles/CCS/ccsv7/tools/compiler/ti-cgt-msp430_16.9.6.LTS/bin/cl430" -vmsp --use_hw_mpy=none --advice:power=all --define=__MSP430G2553__ -g --printf_support=minimal --diag_warning=225 --diag_wrap=off --display_error_number -z -m"IR.map" --heap_size=80 --stack_size=80 -i"E:/ProgrameFiles/CCS/ccsv7/ccs_base/msp430/include" -i"E:/ProgrameFiles/CCS/ccsv7/tools/compiler/ti-cgt-msp430_16.9.6.LTS/lib" -i"E:/ProgrameFiles/CCS/ccsv7/tools/compiler/ti-cgt-msp430_16.9.6.LTS/include" --reread_libs --diag_wrap=off --display_error_number --warn_sections --xml_link_info="IR_linkInfo.xml" --use_hw_mpy=none --rom_model -o "IR.out" "./main.obj" "./lib/IRrecv.obj" "../lnk_msp430g2553.cmd"  -llibc.a 
<Linking>
remark #10372-D: (ULP 4.1) Detected uninitialized Port 2 in this project. Recommend initializing all unused ports to eliminate wasted current consumption on unused pins.
remark #10372-D: (ULP 4.1) Detected uninitialized Port 3 in this project. Recommend initializing all unused ports to eliminate wasted current consumption on unused pins.
'Finished building target: "IR.out"'
 

**** Build Finished ****
